
> @cardbox-editor/core@1.0.0 lint /home/miron/WebstormProjects/editor/packages/core
> eslint --fix "./src/**/**.{ts,tsx,js,jsx,json}"


/home/miron/WebstormProjects/editor/packages/core/src/actions/copy-all.ts
  0:1  warning  This rule requires the `strictNullChecks` compiler option to be turned on to function correctly  @typescript-eslint/no-unnecessary-condition

/home/miron/WebstormProjects/editor/packages/core/src/actions/copy.ts
  0:1  warning  This rule requires the `strictNullChecks` compiler option to be turned on to function correctly  @typescript-eslint/no-unnecessary-condition

/home/miron/WebstormProjects/editor/packages/core/src/actions/delete-backward.ts
  0:1  warning  This rule requires the `strictNullChecks` compiler option to be turned on to function correctly  @typescript-eslint/no-unnecessary-condition

/home/miron/WebstormProjects/editor/packages/core/src/actions/exit-block.ts
  0:1  warning  This rule requires the `strictNullChecks` compiler option to be turned on to function correctly  @typescript-eslint/no-unnecessary-condition

/home/miron/WebstormProjects/editor/packages/core/src/actions/get-out-the-leaf.ts
  0:1  warning  This rule requires the `strictNullChecks` compiler option to be turned on to function correctly  @typescript-eslint/no-unnecessary-condition

/home/miron/WebstormProjects/editor/packages/core/src/actions/indent.ts
  0:1  warning  This rule requires the `strictNullChecks` compiler option to be turned on to function correctly  @typescript-eslint/no-unnecessary-condition
  3:3  warning  'ActionCallback' is defined but never used. Allowed unused vars must match /^_/u                 @typescript-eslint/no-unused-vars
  5:3  warning  'ActionParams' is defined but never used. Allowed unused vars must match /^_/u                   @typescript-eslint/no-unused-vars

/home/miron/WebstormProjects/editor/packages/core/src/actions/index.ts
  0:1  warning  This rule requires the `strictNullChecks` compiler option to be turned on to function correctly  @typescript-eslint/no-unnecessary-condition

/home/miron/WebstormProjects/editor/packages/core/src/actions/insert-exit-break.ts
  0:1  warning  This rule requires the `strictNullChecks` compiler option to be turned on to function correctly  @typescript-eslint/no-unnecessary-condition
  3:3  warning  'ActionCallback' is defined but never used. Allowed unused vars must match /^_/u                 @typescript-eslint/no-unused-vars

/home/miron/WebstormProjects/editor/packages/core/src/actions/insert-soft-break.ts
  0:1  warning  This rule requires the `strictNullChecks` compiler option to be turned on to function correctly  @typescript-eslint/no-unnecessary-condition

/home/miron/WebstormProjects/editor/packages/core/src/actions/make-bold.ts
  0:1  warning  This rule requires the `strictNullChecks` compiler option to be turned on to function correctly  @typescript-eslint/no-unnecessary-condition
  3:3  warning  'ActionCallback' is defined but never used. Allowed unused vars must match /^_/u                 @typescript-eslint/no-unused-vars

/home/miron/WebstormProjects/editor/packages/core/src/actions/make-inline-code.ts
  0:1   warning  This rule requires the `strictNullChecks` compiler option to be turned on to function correctly  @typescript-eslint/no-unnecessary-condition
  3:35  warning  Missing file extension for "../registries/actions"                                               import/extensions
  3:35  error    Unable to resolve path to module '../registries/actions'                                         import/no-unresolved

/home/miron/WebstormProjects/editor/packages/core/src/actions/make-italic.ts
  0:1  warning  This rule requires the `strictNullChecks` compiler option to be turned on to function correctly  @typescript-eslint/no-unnecessary-condition
  3:3  warning  'ActionCallback' is defined but never used. Allowed unused vars must match /^_/u                 @typescript-eslint/no-unused-vars

/home/miron/WebstormProjects/editor/packages/core/src/actions/make-underlined.ts
  0:1   warning  This rule requires the `strictNullChecks` compiler option to be turned on to function correctly  @typescript-eslint/no-unnecessary-condition
  3:35  warning  Missing file extension for "../registries/actions"                                               import/extensions
  3:35  error    Unable to resolve path to module '../registries/actions'                                         import/no-unresolved

/home/miron/WebstormProjects/editor/packages/core/src/actions/outdent.ts
  0:1  warning  This rule requires the `strictNullChecks` compiler option to be turned on to function correctly  @typescript-eslint/no-unnecessary-condition

/home/miron/WebstormProjects/editor/packages/core/src/actions/paste.ts
  0:1   warning  This rule requires the `strictNullChecks` compiler option to be turned on to function correctly  @typescript-eslint/no-unnecessary-condition
  2:35  warning  Missing file extension for "../registries/actions"                                               import/extensions
  2:35  error    Unable to resolve path to module '../registries/actions'                                         import/no-unresolved

/home/miron/WebstormProjects/editor/packages/core/src/actions/set-link-for-text.ts
   0:1   warning  This rule requires the `strictNullChecks` compiler option to be turned on to function correctly  @typescript-eslint/no-unnecessary-condition
   3:35  warning  Missing file extension for "../registries/actions"                                               import/extensions
   3:35  error    Unable to resolve path to module '../registries/actions'                                         import/no-unresolved
  14:8   warning  Unnecessary conditional, value is always falsy                                                   @typescript-eslint/no-unnecessary-condition

/home/miron/WebstormProjects/editor/packages/core/src/features/code/elements/index.ts
  0:1  warning  This rule requires the `strictNullChecks` compiler option to be turned on to function correctly  @typescript-eslint/no-unnecessary-condition

/home/miron/WebstormProjects/editor/packages/core/src/features/code/elements/types.ts
  0:1  warning  This rule requires the `strictNullChecks` compiler option to be turned on to function correctly  @typescript-eslint/no-unnecessary-condition

/home/miron/WebstormProjects/editor/packages/core/src/features/code/index.ts
  0:1  warning  This rule requires the `strictNullChecks` compiler option to be turned on to function correctly  @typescript-eslint/no-unnecessary-condition

/home/miron/WebstormProjects/editor/packages/core/src/features/code/leaf/index.ts
  0:1  warning  This rule requires the `strictNullChecks` compiler option to be turned on to function correctly  @typescript-eslint/no-unnecessary-condition

/home/miron/WebstormProjects/editor/packages/core/src/features/extensions/format.ts
    0:1  warning  This rule requires the `strictNullChecks` compiler option to be turned on to function correctly  @typescript-eslint/no-unnecessary-condition
   71:8  warning  Unnecessary conditional, value is always falsy                                                   @typescript-eslint/no-unnecessary-condition
   80:8  warning  Unnecessary conditional, value is always falsy                                                   @typescript-eslint/no-unnecessary-condition
   99:8  warning  Unnecessary conditional, value is always falsy                                                   @typescript-eslint/no-unnecessary-condition
  129:8  warning  Unnecessary conditional, value is always falsy                                                   @typescript-eslint/no-unnecessary-condition
  136:8  warning  Unnecessary conditional, value is always falsy                                                   @typescript-eslint/no-unnecessary-condition
  147:8  warning  Unnecessary conditional, value is always falsy                                                   @typescript-eslint/no-unnecessary-condition
  188:9  warning  Unnecessary conditional, value is always truthy                                                  @typescript-eslint/no-unnecessary-condition
  265:8  warning  Unnecessary conditional, value is always falsy                                                   @typescript-eslint/no-unnecessary-condition
  266:8  warning  Unnecessary conditional, value is always falsy                                                   @typescript-eslint/no-unnecessary-condition
  305:8  warning  Unnecessary conditional, value is always falsy                                                   @typescript-eslint/no-unnecessary-condition
  306:8  warning  Unnecessary conditional, value is always falsy                                                   @typescript-eslint/no-unnecessary-condition

/home/miron/WebstormProjects/editor/packages/core/src/features/extensions/index.ts
  0:1  warning  This rule requires the `strictNullChecks` compiler option to be turned on to function correctly  @typescript-eslint/no-unnecessary-condition

/home/miron/WebstormProjects/editor/packages/core/src/features/extensions/list-normalization.ts
  0:1  warning  This rule requires the `strictNullChecks` compiler option to be turned on to function correctly  @typescript-eslint/no-unnecessary-condition

/home/miron/WebstormProjects/editor/packages/core/src/features/headings/elements/index.ts
  0:1  warning  This rule requires the `strictNullChecks` compiler option to be turned on to function correctly  @typescript-eslint/no-unnecessary-condition

/home/miron/WebstormProjects/editor/packages/core/src/features/headings/elements/types.ts
  0:1  warning  This rule requires the `strictNullChecks` compiler option to be turned on to function correctly  @typescript-eslint/no-unnecessary-condition

/home/miron/WebstormProjects/editor/packages/core/src/features/headings/index.ts
  0:1  warning  This rule requires the `strictNullChecks` compiler option to be turned on to function correctly  @typescript-eslint/no-unnecessary-condition

/home/miron/WebstormProjects/editor/packages/core/src/features/index.ts
  0:1  warning  This rule requires the `strictNullChecks` compiler option to be turned on to function correctly  @typescript-eslint/no-unnecessary-condition

/home/miron/WebstormProjects/editor/packages/core/src/features/link/index.ts
  0:1  warning  This rule requires the `strictNullChecks` compiler option to be turned on to function correctly  @typescript-eslint/no-unnecessary-condition

/home/miron/WebstormProjects/editor/packages/core/src/features/link/leaf/index.ts
  0:1  warning  This rule requires the `strictNullChecks` compiler option to be turned on to function correctly  @typescript-eslint/no-unnecessary-condition

/home/miron/WebstormProjects/editor/packages/core/src/features/list/elements/index.ts
  0:1  warning  This rule requires the `strictNullChecks` compiler option to be turned on to function correctly  @typescript-eslint/no-unnecessary-condition

/home/miron/WebstormProjects/editor/packages/core/src/features/list/elements/types.ts
  0:1  warning  This rule requires the `strictNullChecks` compiler option to be turned on to function correctly  @typescript-eslint/no-unnecessary-condition

/home/miron/WebstormProjects/editor/packages/core/src/features/list/index.ts
  0:1  warning  This rule requires the `strictNullChecks` compiler option to be turned on to function correctly  @typescript-eslint/no-unnecessary-condition

/home/miron/WebstormProjects/editor/packages/core/src/features/list/queries/index.ts
  0:1  warning  This rule requires the `strictNullChecks` compiler option to be turned on to function correctly  @typescript-eslint/no-unnecessary-condition

/home/miron/WebstormProjects/editor/packages/core/src/features/list/queries/info.ts
    0:1   warning  This rule requires the `strictNullChecks` compiler option to be turned on to function correctly  @typescript-eslint/no-unnecessary-condition
  126:10  warning  Unnecessary conditional, value is always falsy                                                   @typescript-eslint/no-unnecessary-condition
  128:10  warning  Unnecessary conditional, value is always falsy                                                   @typescript-eslint/no-unnecessary-condition
  130:9   warning  Unnecessary conditional, value is always truthy                                                  @typescript-eslint/no-unnecessary-condition
  160:8   warning  Unnecessary conditional, value is always falsy                                                   @typescript-eslint/no-unnecessary-condition
  172:8   warning  Unnecessary conditional, value is always falsy                                                   @typescript-eslint/no-unnecessary-condition
  184:8   warning  Unnecessary conditional, value is always falsy                                                   @typescript-eslint/no-unnecessary-condition
  193:8   warning  Unnecessary conditional, value is always falsy                                                   @typescript-eslint/no-unnecessary-condition
  214:8   warning  Unnecessary conditional, value is always falsy                                                   @typescript-eslint/no-unnecessary-condition
  234:8   warning  Unnecessary conditional, value is always falsy                                                   @typescript-eslint/no-unnecessary-condition
  235:8   warning  Unnecessary conditional, value is always falsy                                                   @typescript-eslint/no-unnecessary-condition
  260:8   warning  Unnecessary conditional, value is always falsy                                                   @typescript-eslint/no-unnecessary-condition
  359:8   warning  Unnecessary conditional, value is always falsy                                                   @typescript-eslint/no-unnecessary-condition

/home/miron/WebstormProjects/editor/packages/core/src/features/list/transforms/delete-backward.ts
   0:1  warning  This rule requires the `strictNullChecks` compiler option to be turned on to function correctly  @typescript-eslint/no-unnecessary-condition
  14:8  warning  Unnecessary conditional, value is always falsy                                                   @typescript-eslint/no-unnecessary-condition
  27:8  warning  Unnecessary conditional, value is always falsy                                                   @typescript-eslint/no-unnecessary-condition

/home/miron/WebstormProjects/editor/packages/core/src/features/list/transforms/indent-paragraph.ts
   0:1  warning  This rule requires the `strictNullChecks` compiler option to be turned on to function correctly  @typescript-eslint/no-unnecessary-condition
  13:8  warning  Unnecessary conditional, value is always falsy                                                   @typescript-eslint/no-unnecessary-condition
  24:8  warning  Unnecessary conditional, value is always falsy                                                   @typescript-eslint/no-unnecessary-condition
  36:9  warning  Unnecessary conditional, value is always truthy                                                  @typescript-eslint/no-unnecessary-condition
  41:9  warning  Unnecessary conditional, value is always truthy                                                  @typescript-eslint/no-unnecessary-condition

/home/miron/WebstormProjects/editor/packages/core/src/features/list/transforms/indent.ts
   0:1  warning  This rule requires the `strictNullChecks` compiler option to be turned on to function correctly  @typescript-eslint/no-unnecessary-condition
  11:8  warning  Unnecessary conditional, value is always falsy                                                   @typescript-eslint/no-unnecessary-condition
  16:8  warning  Unnecessary conditional, value is always falsy                                                   @typescript-eslint/no-unnecessary-condition
  21:8  warning  Unnecessary conditional, value is always falsy                                                   @typescript-eslint/no-unnecessary-condition

/home/miron/WebstormProjects/editor/packages/core/src/features/list/transforms/index.ts
  0:1  warning  This rule requires the `strictNullChecks` compiler option to be turned on to function correctly  @typescript-eslint/no-unnecessary-condition

/home/miron/WebstormProjects/editor/packages/core/src/features/list/transforms/insert-exit-break.ts
   0:1  warning  This rule requires the `strictNullChecks` compiler option to be turned on to function correctly  @typescript-eslint/no-unnecessary-condition
  15:8  warning  Unnecessary conditional, value is always falsy                                                   @typescript-eslint/no-unnecessary-condition
  22:8  warning  Unnecessary conditional, value is always falsy                                                   @typescript-eslint/no-unnecessary-condition
  33:8  warning  Unnecessary conditional, value is always falsy                                                   @typescript-eslint/no-unnecessary-condition
  53:9  warning  Unnecessary conditional, value is always truthy                                                  @typescript-eslint/no-unnecessary-condition

/home/miron/WebstormProjects/editor/packages/core/src/features/list/transforms/merge-siblings.ts
   0:1   warning  This rule requires the `strictNullChecks` compiler option to be turned on to function correctly  @typescript-eslint/no-unnecessary-condition
  40:10  warning  Unnecessary conditional, value is always falsy                                                   @typescript-eslint/no-unnecessary-condition

/home/miron/WebstormProjects/editor/packages/core/src/features/list/transforms/move-children.ts
   0:1   warning  This rule requires the `strictNullChecks` compiler option to be turned on to function correctly  @typescript-eslint/no-unnecessary-condition
  57:10  warning  Unnecessary conditional, value is always falsy                                                   @typescript-eslint/no-unnecessary-condition

/home/miron/WebstormProjects/editor/packages/core/src/features/list/transforms/outdent.ts
   0:1   warning  This rule requires the `strictNullChecks` compiler option to be turned on to function correctly  @typescript-eslint/no-unnecessary-condition
  14:8   warning  Unnecessary conditional, value is always falsy                                                   @typescript-eslint/no-unnecessary-condition
  19:8   warning  Unnecessary conditional, value is always falsy                                                   @typescript-eslint/no-unnecessary-condition
  21:8   warning  Unnecessary conditional, value is always falsy                                                   @typescript-eslint/no-unnecessary-condition
  21:29  warning  Unnecessary conditional, value is always falsy                                                   @typescript-eslint/no-unnecessary-condition
  26:10  warning  Unnecessary conditional, value is always falsy                                                   @typescript-eslint/no-unnecessary-condition
  59:10  warning  Unnecessary conditional, value is always falsy                                                   @typescript-eslint/no-unnecessary-condition
  60:10  warning  Unnecessary conditional, value is always falsy                                                   @typescript-eslint/no-unnecessary-condition
  87:8   warning  Unnecessary conditional, value is always falsy                                                   @typescript-eslint/no-unnecessary-condition

/home/miron/WebstormProjects/editor/packages/core/src/features/listeners/index.ts
  0:1  warning  This rule requires the `strictNullChecks` compiler option to be turned on to function correctly  @typescript-eslint/no-unnecessary-condition

/home/miron/WebstormProjects/editor/packages/core/src/features/listeners/paste/link.ts
  0:1  warning  This rule requires the `strictNullChecks` compiler option to be turned on to function correctly  @typescript-eslint/no-unnecessary-condition
  7:8  warning  Unnecessary conditional, value is always falsy                                                   @typescript-eslint/no-unnecessary-condition
  9:8  warning  Unnecessary conditional, value is always falsy                                                   @typescript-eslint/no-unnecessary-condition

/home/miron/WebstormProjects/editor/packages/core/src/features/listeners/paste/types.ts
  0:1  warning  This rule requires the `strictNullChecks` compiler option to be turned on to function correctly  @typescript-eslint/no-unnecessary-condition

/home/miron/WebstormProjects/editor/packages/core/src/features/listeners/types.ts
  0:1  warning  This rule requires the `strictNullChecks` compiler option to be turned on to function correctly  @typescript-eslint/no-unnecessary-condition

/home/miron/WebstormProjects/editor/packages/core/src/features/paragraph/elements/index.ts
  0:1  warning  This rule requires the `strictNullChecks` compiler option to be turned on to function correctly  @typescript-eslint/no-unnecessary-condition

/home/miron/WebstormProjects/editor/packages/core/src/features/paragraph/elements/types.ts
  0:1  warning  This rule requires the `strictNullChecks` compiler option to be turned on to function correctly  @typescript-eslint/no-unnecessary-condition

/home/miron/WebstormProjects/editor/packages/core/src/features/paragraph/index.ts
  0:1  warning  This rule requires the `strictNullChecks` compiler option to be turned on to function correctly  @typescript-eslint/no-unnecessary-condition

/home/miron/WebstormProjects/editor/packages/core/src/features/text-modifications/index.ts
  0:1  warning  This rule requires the `strictNullChecks` compiler option to be turned on to function correctly  @typescript-eslint/no-unnecessary-condition

/home/miron/WebstormProjects/editor/packages/core/src/features/text-modifications/leaf/index.ts
  0:1  warning  This rule requires the `strictNullChecks` compiler option to be turned on to function correctly  @typescript-eslint/no-unnecessary-condition

/home/miron/WebstormProjects/editor/packages/core/src/index.ts
  0:1  warning  This rule requires the `strictNullChecks` compiler option to be turned on to function correctly  @typescript-eslint/no-unnecessary-condition

/home/miron/WebstormProjects/editor/packages/core/src/lib/action-controller/index.ts
  0:1  warning  This rule requires the `strictNullChecks` compiler option to be turned on to function correctly  @typescript-eslint/no-unnecessary-condition

/home/miron/WebstormProjects/editor/packages/core/src/lib/action-controller/types.ts
  0:1   warning  This rule requires the `strictNullChecks` compiler option to be turned on to function correctly  @typescript-eslint/no-unnecessary-condition
  1:15  warning  'BaseEditor' is defined but never used. Allowed unused vars must match /^_/u                     @typescript-eslint/no-unused-vars

/home/miron/WebstormProjects/editor/packages/core/src/lib/decoration-controller/index.ts
  0:1  warning  This rule requires the `strictNullChecks` compiler option to be turned on to function correctly  @typescript-eslint/no-unnecessary-condition

/home/miron/WebstormProjects/editor/packages/core/src/lib/extensions/extend.ts
  0:1  warning  This rule requires the `strictNullChecks` compiler option to be turned on to function correctly  @typescript-eslint/no-unnecessary-condition

/home/miron/WebstormProjects/editor/packages/core/src/lib/extensions/index.ts
  0:1  warning  This rule requires the `strictNullChecks` compiler option to be turned on to function correctly  @typescript-eslint/no-unnecessary-condition

/home/miron/WebstormProjects/editor/packages/core/src/lib/global-matchers/block.ts
  0:1   warning  This rule requires the `strictNullChecks` compiler option to be turned on to function correctly  @typescript-eslint/no-unnecessary-condition
  7:10  warning  Unnecessary conditional, value is always falsy                                                   @typescript-eslint/no-unnecessary-condition

/home/miron/WebstormProjects/editor/packages/core/src/lib/global-matchers/builder.ts
  0:1  warning  This rule requires the `strictNullChecks` compiler option to be turned on to function correctly  @typescript-eslint/no-unnecessary-condition

/home/miron/WebstormProjects/editor/packages/core/src/lib/global-matchers/child-of.ts
  0:1  warning  This rule requires the `strictNullChecks` compiler option to be turned on to function correctly  @typescript-eslint/no-unnecessary-condition

/home/miron/WebstormProjects/editor/packages/core/src/lib/global-matchers/equals.ts
  0:1  warning  This rule requires the `strictNullChecks` compiler option to be turned on to function correctly  @typescript-eslint/no-unnecessary-condition

/home/miron/WebstormProjects/editor/packages/core/src/lib/global-matchers/index.ts
  0:1  warning  This rule requires the `strictNullChecks` compiler option to be turned on to function correctly  @typescript-eslint/no-unnecessary-condition

/home/miron/WebstormProjects/editor/packages/core/src/lib/global-matchers/not-equals.ts
  0:1  warning  This rule requires the `strictNullChecks` compiler option to be turned on to function correctly  @typescript-eslint/no-unnecessary-condition

/home/miron/WebstormProjects/editor/packages/core/src/lib/global-queries/get-above.ts
   0:1   warning  This rule requires the `strictNullChecks` compiler option to be turned on to function correctly  @typescript-eslint/no-unnecessary-condition
  34:10  warning  Unnecessary conditional, value is always falsy                                                   @typescript-eslint/no-unnecessary-condition

/home/miron/WebstormProjects/editor/packages/core/src/lib/global-queries/get-point-before.ts
   0:1   warning  This rule requires the `strictNullChecks` compiler option to be turned on to function correctly  @typescript-eslint/no-unnecessary-condition
  16:8   warning  Unnecessary conditional, value is always falsy                                                   @typescript-eslint/no-unnecessary-condition
  19:8   warning  Unnecessary conditional, value is always falsy                                                   @typescript-eslint/no-unnecessary-condition
  23:8   warning  Unnecessary conditional, value is always falsy                                                   @typescript-eslint/no-unnecessary-condition
  25:35  warning  Unnecessary conditional, value is always truthy                                                  @typescript-eslint/no-unnecessary-condition
  26:8   warning  Unnecessary conditional, value is always falsy                                                   @typescript-eslint/no-unnecessary-condition
  49:12  warning  Unnecessary conditional, value is always falsy                                                   @typescript-eslint/no-unnecessary-condition

/home/miron/WebstormProjects/editor/packages/core/src/lib/global-queries/get-point-from-location.ts
  0:1  warning  This rule requires the `strictNullChecks` compiler option to be turned on to function correctly  @typescript-eslint/no-unnecessary-condition

/home/miron/WebstormProjects/editor/packages/core/src/lib/global-queries/get-range-before.ts
   0:1  warning  This rule requires the `strictNullChecks` compiler option to be turned on to function correctly  @typescript-eslint/no-unnecessary-condition
  14:8  warning  Unnecessary conditional, value is always falsy                                                   @typescript-eslint/no-unnecessary-condition
  20:8  warning  Unnecessary conditional, value is always falsy                                                   @typescript-eslint/no-unnecessary-condition
  23:8  warning  Unnecessary conditional, value is always falsy                                                   @typescript-eslint/no-unnecessary-condition

/home/miron/WebstormProjects/editor/packages/core/src/lib/global-queries/get-range-from-block-start.ts
   0:1  warning  This rule requires the `strictNullChecks` compiler option to be turned on to function correctly  @typescript-eslint/no-unnecessary-condition
   6:8  warning  Unnecessary conditional, value is always falsy                                                   @typescript-eslint/no-unnecessary-condition
   9:8  warning  Unnecessary conditional, value is always falsy                                                   @typescript-eslint/no-unnecessary-condition
  14:8  warning  Unnecessary conditional, value is always falsy                                                   @typescript-eslint/no-unnecessary-condition

/home/miron/WebstormProjects/editor/packages/core/src/lib/global-queries/has-selection.ts
  0:1  warning  This rule requires the `strictNullChecks` compiler option to be turned on to function correctly  @typescript-eslint/no-unnecessary-condition
  4:8  warning  Unnecessary conditional, value is always falsy                                                   @typescript-eslint/no-unnecessary-condition

/home/miron/WebstormProjects/editor/packages/core/src/lib/global-queries/index.ts
  0:1  warning  This rule requires the `strictNullChecks` compiler option to be turned on to function correctly  @typescript-eslint/no-unnecessary-condition

/home/miron/WebstormProjects/editor/packages/core/src/lib/global-queries/is-in-block.ts
   0:1  warning  This rule requires the `strictNullChecks` compiler option to be turned on to function correctly  @typescript-eslint/no-unnecessary-condition
  16:8  warning  Unnecessary conditional, value is always falsy                                                   @typescript-eslint/no-unnecessary-condition

/home/miron/WebstormProjects/editor/packages/core/src/lib/global-queries/is-on-edges.ts
   0:1   warning  This rule requires the `strictNullChecks` compiler option to be turned on to function correctly  @typescript-eslint/no-unnecessary-condition
  15:10  warning  Unnecessary conditional, value is always falsy                                                   @typescript-eslint/no-unnecessary-condition
  22:8   warning  Unnecessary conditional, value is always falsy                                                   @typescript-eslint/no-unnecessary-condition
  23:8   warning  Unnecessary conditional, value is always falsy                                                   @typescript-eslint/no-unnecessary-condition
  26:8   warning  Unnecessary conditional, value is always falsy                                                   @typescript-eslint/no-unnecessary-condition

/home/miron/WebstormProjects/editor/packages/core/src/lib/global-queries/leaf-has-text-modifications.ts
  0:1  warning  This rule requires the `strictNullChecks` compiler option to be turned on to function correctly  @typescript-eslint/no-unnecessary-condition

/home/miron/WebstormProjects/editor/packages/core/src/lib/global-queries/text-modifications.ts
  0:1  warning  This rule requires the `strictNullChecks` compiler option to be turned on to function correctly  @typescript-eslint/no-unnecessary-condition

/home/miron/WebstormProjects/editor/packages/core/src/lib/global-transforms/clear-href.ts
   0:1  warning  This rule requires the `strictNullChecks` compiler option to be turned on to function correctly  @typescript-eslint/no-unnecessary-condition
   9:8  warning  Unnecessary conditional, value is always falsy                                                   @typescript-eslint/no-unnecessary-condition
  13:8  warning  Unnecessary conditional, value is always falsy                                                   @typescript-eslint/no-unnecessary-condition

/home/miron/WebstormProjects/editor/packages/core/src/lib/global-transforms/delete-backward.ts
   0:1  warning  This rule requires the `strictNullChecks` compiler option to be turned on to function correctly  @typescript-eslint/no-unnecessary-condition
   5:8  warning  Unnecessary conditional, value is always falsy                                                   @typescript-eslint/no-unnecessary-condition
  17:8  warning  Unnecessary conditional, value is always falsy                                                   @typescript-eslint/no-unnecessary-condition

/home/miron/WebstormProjects/editor/packages/core/src/lib/global-transforms/get-out-the-leaf.ts
   0:1  warning  This rule requires the `strictNullChecks` compiler option to be turned on to function correctly  @typescript-eslint/no-unnecessary-condition
  20:8  warning  Unnecessary conditional, value is always falsy                                                   @typescript-eslint/no-unnecessary-condition
  33:8  warning  Unnecessary conditional, value is always falsy                                                   @typescript-eslint/no-unnecessary-condition
  41:8  warning  Unnecessary conditional, value is always falsy                                                   @typescript-eslint/no-unnecessary-condition

/home/miron/WebstormProjects/editor/packages/core/src/lib/global-transforms/index.ts
  0:1  warning  This rule requires the `strictNullChecks` compiler option to be turned on to function correctly  @typescript-eslint/no-unnecessary-condition

/home/miron/WebstormProjects/editor/packages/core/src/lib/global-transforms/insert-exit-break.ts
   0:1  warning  This rule requires the `strictNullChecks` compiler option to be turned on to function correctly  @typescript-eslint/no-unnecessary-condition
   5:8  warning  Unnecessary conditional, value is always falsy                                                   @typescript-eslint/no-unnecessary-condition
  15:8  warning  Unnecessary conditional, value is always falsy                                                   @typescript-eslint/no-unnecessary-condition

/home/miron/WebstormProjects/editor/packages/core/src/lib/global-transforms/insert-soft-break.ts
  0:1  warning  This rule requires the `strictNullChecks` compiler option to be turned on to function correctly  @typescript-eslint/no-unnecessary-condition
  4:8  warning  Unnecessary conditional, value is always falsy                                                   @typescript-eslint/no-unnecessary-condition

/home/miron/WebstormProjects/editor/packages/core/src/lib/global-transforms/set-href.ts
   0:1  warning  This rule requires the `strictNullChecks` compiler option to be turned on to function correctly  @typescript-eslint/no-unnecessary-condition
   9:8  warning  Unnecessary conditional, value is always falsy                                                   @typescript-eslint/no-unnecessary-condition
  13:8  warning  Unnecessary conditional, value is always falsy                                                   @typescript-eslint/no-unnecessary-condition

/home/miron/WebstormProjects/editor/packages/core/src/lib/global-transforms/toggle-text-modification.ts
  0:1  warning  This rule requires the `strictNullChecks` compiler option to be turned on to function correctly  @typescript-eslint/no-unnecessary-condition
  9:8  warning  Unnecessary conditional, value is always falsy                                                   @typescript-eslint/no-unnecessary-condition

/home/miron/WebstormProjects/editor/packages/core/src/lib/keybind-controller/index.ts
   0:1   warning  This rule requires the `strictNullChecks` compiler option to be turned on to function correctly  @typescript-eslint/no-unnecessary-condition
  39:44  warning  Unexpected any. Specify a different type                                                         @typescript-eslint/no-explicit-any
  50:8   warning  Unnecessary conditional, value is always falsy                                                   @typescript-eslint/no-unnecessary-condition

/home/miron/WebstormProjects/editor/packages/core/src/lib/listeners/create-listener.ts
  0:1  warning  This rule requires the `strictNullChecks` compiler option to be turned on to function correctly  @typescript-eslint/no-unnecessary-condition

/home/miron/WebstormProjects/editor/packages/core/src/lib/listeners/index.ts
  0:1  warning  This rule requires the `strictNullChecks` compiler option to be turned on to function correctly  @typescript-eslint/no-unnecessary-condition

/home/miron/WebstormProjects/editor/packages/core/src/lib/listeners/types.ts
  0:1  warning  This rule requires the `strictNullChecks` compiler option to be turned on to function correctly  @typescript-eslint/no-unnecessary-condition

/home/miron/WebstormProjects/editor/packages/core/src/lib/registry/index.ts
  0:1  warning  This rule requires the `strictNullChecks` compiler option to be turned on to function correctly  @typescript-eslint/no-unnecessary-condition

/home/miron/WebstormProjects/editor/packages/core/src/lib/slate-util/index.ts
  0:1  warning  This rule requires the `strictNullChecks` compiler option to be turned on to function correctly  @typescript-eslint/no-unnecessary-condition

/home/miron/WebstormProjects/editor/packages/core/src/lib/slate-util/is-empty.ts
  0:1  warning  This rule requires the `strictNullChecks` compiler option to be turned on to function correctly  @typescript-eslint/no-unnecessary-condition

/home/miron/WebstormProjects/editor/packages/core/src/lib/util/index.ts
  0:1  warning  This rule requires the `strictNullChecks` compiler option to be turned on to function correctly  @typescript-eslint/no-unnecessary-condition

/home/miron/WebstormProjects/editor/packages/core/src/lib/util/noop-events.ts
  0:1  warning  This rule requires the `strictNullChecks` compiler option to be turned on to function correctly  @typescript-eslint/no-unnecessary-condition

/home/miron/WebstormProjects/editor/packages/core/src/lib/util/regex.ts
  0:1  warning  This rule requires the `strictNullChecks` compiler option to be turned on to function correctly  @typescript-eslint/no-unnecessary-condition

/home/miron/WebstormProjects/editor/packages/core/src/shared/constants/index.ts
  0:1  warning  This rule requires the `strictNullChecks` compiler option to be turned on to function correctly  @typescript-eslint/no-unnecessary-condition

/home/miron/WebstormProjects/editor/packages/core/src/shared/constants/leaf.ts
  0:1  warning  This rule requires the `strictNullChecks` compiler option to be turned on to function correctly  @typescript-eslint/no-unnecessary-condition

/home/miron/WebstormProjects/editor/packages/core/src/shared/types/editor.ts
  0:1  warning  This rule requires the `strictNullChecks` compiler option to be turned on to function correctly  @typescript-eslint/no-unnecessary-condition

/home/miron/WebstormProjects/editor/packages/core/src/shared/types/elements.ts
  0:1  warning  This rule requires the `strictNullChecks` compiler option to be turned on to function correctly  @typescript-eslint/no-unnecessary-condition

/home/miron/WebstormProjects/editor/packages/core/src/shared/types/index.ts
  0:1  warning  This rule requires the `strictNullChecks` compiler option to be turned on to function correctly  @typescript-eslint/no-unnecessary-condition

/home/miron/WebstormProjects/editor/packages/core/src/shared/types/leaf.ts
  0:1  warning  This rule requires the `strictNullChecks` compiler option to be turned on to function correctly  @typescript-eslint/no-unnecessary-condition

/home/miron/WebstormProjects/editor/packages/core/src/slate-types/custom-element.ts
  0:1  warning  This rule requires the `strictNullChecks` compiler option to be turned on to function correctly  @typescript-eslint/no-unnecessary-condition

/home/miron/WebstormProjects/editor/packages/core/src/slate-types/custom-leaf.ts
  0:1  warning  This rule requires the `strictNullChecks` compiler option to be turned on to function correctly  @typescript-eslint/no-unnecessary-condition

/home/miron/WebstormProjects/editor/packages/core/src/slate-types/index.ts
  0:1  warning  This rule requires the `strictNullChecks` compiler option to be turned on to function correctly  @typescript-eslint/no-unnecessary-condition

✖ 199 problems (4 errors, 195 warnings)

 ELIFECYCLE  Command failed with exit code 1.
